<?xml version="1.0" encoding="UTF-8"?>
<robot generator="Robot 5.1.dev1 (Python 3.10.4 on win32)" generated="20220530 15:23:06.605" rpa="false" schemaversion="3">
<suite id="s1" name="Mahesharra1" source="C:\Users\u\PycharmProjects\robotframework\mahesharra1.robot">
<test id="s1-t1" name="Browsersearch" line="15">
<kw name="Open Browser" library="SeleniumLibrary">
<arg>${url}</arg>
<arg>${browser}</arg>
<doc>Opens a new browser instance to the optional ``url``.</doc>
<msg timestamp="20220530 15:23:06.919" level="INFO">Opening browser 'Chrome' to base url 'https://www.google.co.in/'.</msg>
<status status="PASS" starttime="20220530 15:23:06.919" endtime="20220530 15:23:11.407"/>
</kw>
<kw name="Maximize Browser Window" library="SeleniumLibrary">
<doc>Maximizes current browser window.</doc>
<status status="PASS" starttime="20220530 15:23:11.408" endtime="20220530 15:23:11.565"/>
</kw>
<kw name="Input Text" library="SeleniumLibrary">
<arg>xpath:/html/body/div[1]/div[3]/form/div[1]/div[1]/div[1]/div/div[2]/input</arg>
<arg>robotframework</arg>
<doc>Types the given ``text`` into the text field identified by ``locator``.</doc>
<msg timestamp="20220530 15:23:11.568" level="INFO">Typing text 'robotframework' into text field 'xpath:/html/body/div[1]/div[3]/form/div[1]/div[1]/div[1]/div/div[2]/input'.</msg>
<status status="PASS" starttime="20220530 15:23:11.567" endtime="20220530 15:23:11.944"/>
</kw>
<kw name="Submit Form" library="SeleniumLibrary">
<doc>Submits a form identified by ``locator``.</doc>
<msg timestamp="20220530 15:23:11.945" level="INFO">Submitting form 'None'.</msg>
<status status="PASS" starttime="20220530 15:23:11.944" endtime="20220530 15:23:15.525"/>
</kw>
<kw name="Get WebElements" library="SeleniumLibrary">
<var>${m}</var>
<arg>//div[@class="yuRUbf"]</arg>
<doc>Returns a list of WebElement objects matching the ``locator``.</doc>
<msg timestamp="20220530 15:23:15.565" level="INFO">${m} = [&lt;selenium.webdriver.remote.webelement.WebElement (session="857544247e8731e7c736b2fdd39234e2", element="446e21cd-f9ed-48e7-83f8-d66b9d8b59e6")&gt;, &lt;selenium.webdriver.remote.webelement.WebElement (sessi...</msg>
<status status="PASS" starttime="20220530 15:23:15.525" endtime="20220530 15:23:15.565"/>
</kw>
<for flavor="IN">
<var>${i}</var>
<value>@{m}</value>
<iter>
<var name="${i}">&lt;selenium.webdriver.remote.webelement.WebElement (session="857544247e8731e7c736b2fdd39234e2", element="446e21cd-f9ed-48e7-83f8-d66b9d8b59e6")&gt;</var>
<kw name="Get Text" library="SeleniumLibrary">
<var>${Msg}</var>
<arg>${i}</arg>
<doc>Returns the text value of the element identified by ``locator``.</doc>
<msg timestamp="20220530 15:23:15.639" level="INFO">${Msg} = Robot Framework
https://robotframework.org</msg>
<status status="PASS" starttime="20220530 15:23:15.567" endtime="20220530 15:23:15.639"/>
</kw>
<kw name="Log To Console" library="BuiltIn">
<arg>${Msg}</arg>
<doc>Logs the given message to the console.</doc>
<status status="PASS" starttime="20220530 15:23:15.639" endtime="20220530 15:23:15.640"/>
</kw>
<status status="PASS" starttime="20220530 15:23:15.567" endtime="20220530 15:23:15.640"/>
</iter>
<iter>
<var name="${i}">&lt;selenium.webdriver.remote.webelement.WebElement (session="857544247e8731e7c736b2fdd39234e2", element="2aecdac1-7ff5-436c-a30e-836da222c654")&gt;</var>
<kw name="Get Text" library="SeleniumLibrary">
<var>${Msg}</var>
<arg>${i}</arg>
<doc>Returns the text value of the element identified by ``locator``.</doc>
<msg timestamp="20220530 15:23:15.672" level="INFO">${Msg} = </msg>
<status status="PASS" starttime="20220530 15:23:15.640" endtime="20220530 15:23:15.672"/>
</kw>
<kw name="Log To Console" library="BuiltIn">
<arg>${Msg}</arg>
<doc>Logs the given message to the console.</doc>
<status status="PASS" starttime="20220530 15:23:15.672" endtime="20220530 15:23:15.672"/>
</kw>
<status status="PASS" starttime="20220530 15:23:15.640" endtime="20220530 15:23:15.672"/>
</iter>
<iter>
<var name="${i}">&lt;selenium.webdriver.remote.webelement.WebElement (session="857544247e8731e7c736b2fdd39234e2", element="cbc043b9-75ad-4cea-a035-ca1814c29264")&gt;</var>
<kw name="Get Text" library="SeleniumLibrary">
<var>${Msg}</var>
<arg>${i}</arg>
<doc>Returns the text value of the element identified by ``locator``.</doc>
<msg timestamp="20220530 15:23:15.705" level="INFO">${Msg} = </msg>
<status status="PASS" starttime="20220530 15:23:15.672" endtime="20220530 15:23:15.705"/>
</kw>
<kw name="Log To Console" library="BuiltIn">
<arg>${Msg}</arg>
<doc>Logs the given message to the console.</doc>
<status status="PASS" starttime="20220530 15:23:15.706" endtime="20220530 15:23:15.707"/>
</kw>
<status status="PASS" starttime="20220530 15:23:15.672" endtime="20220530 15:23:15.707"/>
</iter>
<iter>
<var name="${i}">&lt;selenium.webdriver.remote.webelement.WebElement (session="857544247e8731e7c736b2fdd39234e2", element="7a943e09-05e2-4202-817e-9bf8dfebd876")&gt;</var>
<kw name="Get Text" library="SeleniumLibrary">
<var>${Msg}</var>
<arg>${i}</arg>
<doc>Returns the text value of the element identified by ``locator``.</doc>
<msg timestamp="20220530 15:23:15.737" level="INFO">${Msg} = </msg>
<status status="PASS" starttime="20220530 15:23:15.708" endtime="20220530 15:23:15.737"/>
</kw>
<kw name="Log To Console" library="BuiltIn">
<arg>${Msg}</arg>
<doc>Logs the given message to the console.</doc>
<status status="PASS" starttime="20220530 15:23:15.738" endtime="20220530 15:23:15.739"/>
</kw>
<status status="PASS" starttime="20220530 15:23:15.707" endtime="20220530 15:23:15.739"/>
</iter>
<iter>
<var name="${i}">&lt;selenium.webdriver.remote.webelement.WebElement (session="857544247e8731e7c736b2fdd39234e2", element="2827214d-31f8-4a72-b7d4-3209b3cd4d12")&gt;</var>
<kw name="Get Text" library="SeleniumLibrary">
<var>${Msg}</var>
<arg>${i}</arg>
<doc>Returns the text value of the element identified by ``locator``.</doc>
<msg timestamp="20220530 15:23:15.768" level="INFO">${Msg} = </msg>
<status status="PASS" starttime="20220530 15:23:15.739" endtime="20220530 15:23:15.768"/>
</kw>
<kw name="Log To Console" library="BuiltIn">
<arg>${Msg}</arg>
<doc>Logs the given message to the console.</doc>
<status status="PASS" starttime="20220530 15:23:15.768" endtime="20220530 15:23:15.769"/>
</kw>
<status status="PASS" starttime="20220530 15:23:15.739" endtime="20220530 15:23:15.770"/>
</iter>
<iter>
<var name="${i}">&lt;selenium.webdriver.remote.webelement.WebElement (session="857544247e8731e7c736b2fdd39234e2", element="6d2efc68-63fa-4675-8544-233c02cb623e")&gt;</var>
<kw name="Get Text" library="SeleniumLibrary">
<var>${Msg}</var>
<arg>${i}</arg>
<doc>Returns the text value of the element identified by ``locator``.</doc>
<msg timestamp="20220530 15:23:15.822" level="INFO">${Msg} = Robot Framework - GitHub
https://github.com › robotframework › robotframework</msg>
<status status="PASS" starttime="20220530 15:23:15.770" endtime="20220530 15:23:15.822"/>
</kw>
<kw name="Log To Console" library="BuiltIn">
<arg>${Msg}</arg>
<doc>Logs the given message to the console.</doc>
<status status="PASS" starttime="20220530 15:23:15.823" endtime="20220530 15:23:15.823"/>
</kw>
<status status="PASS" starttime="20220530 15:23:15.770" endtime="20220530 15:23:15.823"/>
</iter>
<iter>
<var name="${i}">&lt;selenium.webdriver.remote.webelement.WebElement (session="857544247e8731e7c736b2fdd39234e2", element="996b9229-712e-4f64-be5b-bd8bd90e13f2")&gt;</var>
<kw name="Get Text" library="SeleniumLibrary">
<var>${Msg}</var>
<arg>${i}</arg>
<doc>Returns the text value of the element identified by ``locator``.</doc>
<msg timestamp="20220530 15:23:15.878" level="INFO">${Msg} = Robot Framework Tutorial - Tutorialspoint
https://www.tutorialspoint.com › robot_framework</msg>
<status status="PASS" starttime="20220530 15:23:15.823" endtime="20220530 15:23:15.879"/>
</kw>
<kw name="Log To Console" library="BuiltIn">
<arg>${Msg}</arg>
<doc>Logs the given message to the console.</doc>
<status status="PASS" starttime="20220530 15:23:15.879" endtime="20220530 15:23:15.880"/>
</kw>
<status status="PASS" starttime="20220530 15:23:15.823" endtime="20220530 15:23:15.880"/>
</iter>
<iter>
<var name="${i}">&lt;selenium.webdriver.remote.webelement.WebElement (session="857544247e8731e7c736b2fdd39234e2", element="56080ffa-d9dc-4188-b0e9-4f40757450ae")&gt;</var>
<kw name="Get Text" library="SeleniumLibrary">
<var>${Msg}</var>
<arg>${i}</arg>
<doc>Returns the text value of the element identified by ``locator``.</doc>
<msg timestamp="20220530 15:23:15.929" level="INFO">${Msg} = Basic concepts of Robot Framework - Robocorp
https://robocorp.com › docs › robot-framework › basics</msg>
<status status="PASS" starttime="20220530 15:23:15.880" endtime="20220530 15:23:15.929"/>
</kw>
<kw name="Log To Console" library="BuiltIn">
<arg>${Msg}</arg>
<doc>Logs the given message to the console.</doc>
<status status="PASS" starttime="20220530 15:23:15.929" endtime="20220530 15:23:15.929"/>
</kw>
<status status="PASS" starttime="20220530 15:23:15.880" endtime="20220530 15:23:15.929"/>
</iter>
<iter>
<var name="${i}">&lt;selenium.webdriver.remote.webelement.WebElement (session="857544247e8731e7c736b2fdd39234e2", element="0f0a4ca0-723d-43fe-9808-320db0781cc2")&gt;</var>
<kw name="Get Text" library="SeleniumLibrary">
<var>${Msg}</var>
<arg>${i}</arg>
<doc>Returns the text value of the element identified by ``locator``.</doc>
<msg timestamp="20220530 15:23:15.978" level="INFO">${Msg} = Robot Framework - Wikipedia
https://en.wikipedia.org › wiki › Robot_Framework</msg>
<status status="PASS" starttime="20220530 15:23:15.929" endtime="20220530 15:23:15.978"/>
</kw>
<kw name="Log To Console" library="BuiltIn">
<arg>${Msg}</arg>
<doc>Logs the given message to the console.</doc>
<status status="PASS" starttime="20220530 15:23:15.978" endtime="20220530 15:23:15.979"/>
</kw>
<status status="PASS" starttime="20220530 15:23:15.929" endtime="20220530 15:23:15.979"/>
</iter>
<iter>
<var name="${i}">&lt;selenium.webdriver.remote.webelement.WebElement (session="857544247e8731e7c736b2fdd39234e2", element="d0710877-30a7-48df-a5e9-16f2630ab137")&gt;</var>
<kw name="Get Text" library="SeleniumLibrary">
<var>${Msg}</var>
<arg>${i}</arg>
<doc>Returns the text value of the element identified by ``locator``.</doc>
<msg timestamp="20220530 15:23:16.005" level="INFO">${Msg} = Robot Framework in Python - GeeksforGeeks
https://www.geeksforgeeks.org › robot-framework-in-p...</msg>
<status status="PASS" starttime="20220530 15:23:15.979" endtime="20220530 15:23:16.005"/>
</kw>
<kw name="Log To Console" library="BuiltIn">
<arg>${Msg}</arg>
<doc>Logs the given message to the console.</doc>
<status status="PASS" starttime="20220530 15:23:16.005" endtime="20220530 15:23:16.006"/>
</kw>
<status status="PASS" starttime="20220530 15:23:15.979" endtime="20220530 15:23:16.006"/>
</iter>
<iter>
<var name="${i}">&lt;selenium.webdriver.remote.webelement.WebElement (session="857544247e8731e7c736b2fdd39234e2", element="7601cebe-694a-454a-8a93-978236d91359")&gt;</var>
<kw name="Get Text" library="SeleniumLibrary">
<var>${Msg}</var>
<arg>${i}</arg>
<doc>Returns the text value of the element identified by ``locator``.</doc>
<msg timestamp="20220530 15:23:16.028" level="INFO">${Msg} = Robot Framework (@robotframework) / Twitter
https://twitter.com › robotframework</msg>
<status status="PASS" starttime="20220530 15:23:16.006" endtime="20220530 15:23:16.028"/>
</kw>
<kw name="Log To Console" library="BuiltIn">
<arg>${Msg}</arg>
<doc>Logs the given message to the console.</doc>
<status status="PASS" starttime="20220530 15:23:16.028" endtime="20220530 15:23:16.029"/>
</kw>
<status status="PASS" starttime="20220530 15:23:16.006" endtime="20220530 15:23:16.029"/>
</iter>
<iter>
<var name="${i}">&lt;selenium.webdriver.remote.webelement.WebElement (session="857544247e8731e7c736b2fdd39234e2", element="b25d01cf-ad27-4152-9b6f-407ad19c6e37")&gt;</var>
<kw name="Get Text" library="SeleniumLibrary">
<var>${Msg}</var>
<arg>${i}</arg>
<doc>Returns the text value of the element identified by ``locator``.</doc>
<msg timestamp="20220530 15:23:16.057" level="INFO">${Msg} = Robot Framework - Google Code
https://code.google.com › archive › robotframework</msg>
<status status="PASS" starttime="20220530 15:23:16.029" endtime="20220530 15:23:16.057"/>
</kw>
<kw name="Log To Console" library="BuiltIn">
<arg>${Msg}</arg>
<doc>Logs the given message to the console.</doc>
<status status="PASS" starttime="20220530 15:23:16.057" endtime="20220530 15:23:16.057"/>
</kw>
<status status="PASS" starttime="20220530 15:23:16.029" endtime="20220530 15:23:16.057"/>
</iter>
<status status="PASS" starttime="20220530 15:23:15.566" endtime="20220530 15:23:16.057"/>
</for>
<kw name="Capture Page Screenshot" library="SeleniumLibrary">
<arg>a.png</arg>
<doc>Takes a screenshot of the current page and embeds it into a log file.</doc>
<msg timestamp="20220530 15:23:16.217" level="INFO" html="true">&lt;/td&gt;&lt;/tr&gt;&lt;tr&gt;&lt;td colspan="3"&gt;&lt;a href="a.png"&gt;&lt;img src="a.png" width="800px"&gt;&lt;/a&gt;</msg>
<status status="PASS" starttime="20220530 15:23:16.057" endtime="20220530 15:23:16.217"/>
</kw>
<kw name="Close Browser" library="SeleniumLibrary">
<doc>Closes the current browser.</doc>
<status status="PASS" starttime="20220530 15:23:16.218" endtime="20220530 15:23:18.511"/>
</kw>
<status status="PASS" starttime="20220530 15:23:06.917" endtime="20220530 15:23:18.520"/>
</test>
<status status="PASS" starttime="20220530 15:23:06.608" endtime="20220530 15:23:18.549"/>
</suite>
<statistics>
<total>
<stat pass="1" fail="0" skip="0">All Tests</stat>
</total>
<tag>
</tag>
<suite>
<stat pass="1" fail="0" skip="0" id="s1" name="Mahesharra1">Mahesharra1</stat>
</suite>
</statistics>
<errors>
<msg timestamp="20220530 15:23:06.903" level="WARN">Imported library 'xml' contains no keywords.</msg>
</errors>
</robot>
